14:46:24 [INF][      Workbench]: Starting up Workbench
14:46:24 [INF][   WBContext UI]: Initializing workbench context UI with these values:
	base dir: /Applications/MySQLWorkbench.app/Contents/Resources
	plugin path: /Applications/MySQLWorkbench.app/Contents/PlugIns
	struct path: /Applications/MySQLWorkbench.app/Contents/Resources/grt
	module path: /Applications/MySQLWorkbench.app/Contents/PlugIns:/Applications/MySQLWorkbench.app/Contents/Resources/plugins
	library path: /Applications/MySQLWorkbench.app/Contents/Resources/libraries
	user data dir: /Users/hayrettinsendag/Library/Application Support/MySQL/Workbench
	open at start: 
	open type: 
	run at startup: 
	run type: 
	Force SW rendering: No
	Force OpenGL: No
	quit when done: No
14:46:24 [INF][      WBContext]: WbContext::init
14:46:24 [INF][            WBA]: Looking for extension modules for WBA...
14:46:24 [INF][            WBA]: 0 extension modules found
14:46:25 [WRN][            grt]: Duplicate plugin name wb.tools.cmdlineClient	There is more than one plugin with the name wb.tools.cmdlineClient (in PyWbUtils and PyWbUtils).
14:46:25 [WRN][            grt]: /Users/hayrettinsendag/Library/Application Support/MySQL/Workbench/server_instances.xml:15: link 'A5C589CB-5012-464A-B87C-E774ECAE7529' <object GrtObject> key=owner could not be resolved
14:46:25 [WRN][            grt]: Duplicate plugin name wb.tools.cmdlineClient	There is more than one plugin with the name wb.tools.cmdlineClient (in PyWbUtils and PyWbUtils).
14:46:25 [INF][      WBContext]: System info:
 	MySQL Workbench Community (GPL) for macOS version 8.0.30 CE build 2054668 (64 bit)
	Configuration Directory: /Users/hayrettinsendag/Library/Application Support/MySQL/Workbench
	Data Directory: /Applications/MySQLWorkbench.app/Contents/Resources
	Cairo Version: 1.17.4
	OS: macOS 11.x Big Sur x86_64
	CPU: 4x Intel(R) Core(TM) i5-4288U CPU @ 2.60GHz - 8.00GiB RAM
No video adapter info available

14:46:25 [WRN][         mforms]: Resource file not found: wb_tile_sakila_light@2x.png
14:46:25 [WRN][         mforms]: Resource file not found: wb_tile_manage_light@2x.png
14:46:25 [WRN][         mforms]: Resource file not found: wb_tile_folder@2x.png
14:46:25 [WRN][         mforms]: Resource file not found: wb_tile_network_light@2x.png
14:46:25 [WRN][         mforms]: Resource file not found: wb_tile_plus_light@2x.png
14:46:25 [WRN][         mforms]: Resource file not found: wb_tile_user_light@2x.png
14:46:25 [WRN][         mforms]: Resource file not found: wb_tile_plus_light@2x.png
14:46:25 [WRN][         mforms]: Resource file not found: wb_doc_sql@2x.png
14:46:25 [WRN][         mforms]: Resource file not found: wb_tile_number_light@2x.png
14:46:25 [WRN][         mforms]: Resource file not found: wb_close@2x.png
14:46:25 [WRN][         mforms]: Resource file not found: wb_tile_open_light@2x.png
14:46:25 [WRN][         mforms]: Resource file not found: wb_tile_more_light@2x.png
14:46:25 [WRN][         mforms]: Resource file not found: wb_tile_sakila_light@2x.png
14:46:25 [WRN][         mforms]: Resource file not found: wb_tile_manage_light@2x.png
14:46:25 [WRN][         mforms]: Resource file not found: wb_tile_folder@2x.png
14:46:25 [WRN][         mforms]: Resource file not found: wb_tile_network_light@2x.png
14:46:25 [WRN][         mforms]: Resource file not found: wb_tile_plus_light@2x.png
14:46:25 [WRN][         mforms]: Resource file not found: wb_tile_user_light@2x.png
14:46:25 [WRN][         mforms]: Resource file not found: wb_tile_plus_light@2x.png
14:46:25 [WRN][         mforms]: Resource file not found: wb_doc_sql@2x.png
14:46:25 [WRN][         mforms]: Resource file not found: wb_tile_number_light@2x.png
14:46:25 [WRN][         mforms]: Resource file not found: wb_close@2x.png
14:46:25 [WRN][         mforms]: Resource file not found: wb_tile_open_light@2x.png
14:46:25 [WRN][         mforms]: Resource file not found: wb_tile_more_light@2x.png
14:46:25 [WRN][       WBModule]: OS not found on supported OS list. OS string: 'macOS 11.x Big Sur x86_64'
14:46:29 [ERR][SQL Editor Form]: SqlEditorForm: exception in do_connect method: Exception: Unable to connect to localhost
14:46:29 [WRN][SQL Editor Form]: Unable to connect to localhost
14:46:29 [INF][SQL Editor Form]: Error 2003 connecting to server, assuming server is down and opening editor with no connection
14:46:29 [INF][SQL Editor Form]: Error 2003 connecting to server, assuming server is down and opening editor with no connection
14:46:29 [WRN][         mforms]: Resource file not found: snippet_sql@2x.png
14:46:29 [WRN][         mforms]: Resource file not found: busy_sidebar_mac@2x.png
14:46:29 [WRN][         mforms]: Resource file not found: busy_sidebar_mac@2x.png
14:46:29 [WRN][         mforms]: Resource file not found: busy_sidebar_mac@2x.png
14:46:29 [WRN][         mforms]: Resource file not found: wb_perform_config@2x.png
14:46:29 [WRN][         mforms]: Resource file not found: busy_sidebar_mac@2x.png
14:46:29 [WRN][         mforms]: Resource file not found: editor_statement@2x.png
14:46:29 [WRN][         mforms]: Resource file not found: editor_error@2x.png
14:46:29 [WRN][         mforms]: Resource file not found: editor_breakpoint@2x.png
14:46:29 [WRN][         mforms]: Resource file not found: editor_breakpoint_hit@2x.png
14:46:29 [WRN][         mforms]: Resource file not found: editor_current_pos@2x.png
14:46:29 [WRN][         mforms]: Resource file not found: editor_continue_on_error@2x.png
14:46:29 [WRN][         mforms]: Resource file not found: ac_keyword@2x.png
14:46:29 [WRN][         mforms]: Resource file not found: ac_schema@2x.png
14:46:29 [WRN][         mforms]: Resource file not found: ac_table@2x.png
14:46:29 [WRN][         mforms]: Resource file not found: ac_routine@2x.png
14:46:29 [WRN][         mforms]: Resource file not found: ac_function@2x.png
14:46:29 [WRN][         mforms]: Resource file not found: ac_view@2x.png
14:46:29 [WRN][         mforms]: Resource file not found: ac_column@2x.png
14:46:29 [WRN][         mforms]: Resource file not found: ac_operator@2x.png
14:46:29 [WRN][         mforms]: Resource file not found: ac_engine@2x.png
14:46:29 [WRN][         mforms]: Resource file not found: ac_trigger@2x.png
14:46:29 [WRN][         mforms]: Resource file not found: ac_logfilegroup@2x.png
14:46:29 [WRN][         mforms]: Resource file not found: ac_uservar@2x.png
14:46:29 [WRN][         mforms]: Resource file not found: ac_sysvar@2x.png
14:46:29 [WRN][         mforms]: Resource file not found: ac_tablespace@2x.png
14:46:29 [WRN][         mforms]: Resource file not found: ac_event@2x.png
14:46:29 [WRN][         mforms]: Resource file not found: ac_index@2x.png
14:46:29 [WRN][         mforms]: Resource file not found: ac_user@2x.png
14:46:29 [WRN][         mforms]: Resource file not found: ac_charset@2x.png
14:46:29 [WRN][         mforms]: Resource file not found: ac_collation@2x.png
14:46:30 [WRN][         mforms]: Resource file not found: busy_sidebar_mac@2x.png
14:46:30 [WRN][         mforms]: Resource file not found: busy_sidebar_mac@2x.png
14:46:30 [WRN][         mforms]: Resource file not found: wb_perform_config@2x.png
14:46:30 [WRN][         mforms]: Resource file not found: busy_sidebar_mac@2x.png
14:46:30 [WRN][         mforms]: Resource file not found: busy_sidebar_mac@2x.png
14:46:30 [ERR][wb_admin_control.py:init:307]: Error connecting to MySQL: Unable to connect to localhost (code 2003)
14:46:30 [ERR][wb_admin_control.py:server_polling_thread:561]: Error creating SQL connection for monitoring: MySQLError('Unable to connect to localhost (code 2003)')
14:46:30 [INF][wb_admin_control.py:query_server_installation_info:858]: Currently connected to MySQL server version 'unknown', conn status = None, active plugins = []
14:46:31 [WRN][         mforms]: Resource file not found: busy_sidebar_mac@2x.png
14:46:31 [WRN][         mforms]: Resource file not found: wb_perform_config@2x.png
14:46:31 [WRN][         mforms]: Resource file not found: busy_sidebar_mac@2x.png
14:46:31 [WRN][         mforms]: Resource file not found: busy_sidebar_mac@2x.png
14:46:45 [WRN][         mforms]: Resource file not found: busy_sidebar_mac@2x.png
14:46:45 [WRN][         mforms]: Resource file not found: wb_perform_config@2x.png
14:46:45 [WRN][         mforms]: Resource file not found: busy_sidebar_mac@2x.png
14:46:45 [WRN][         mforms]: Resource file not found: busy_sidebar_mac@2x.png
14:46:47 [WRN][         mforms]: Resource file not found: busy_sidebar_mac@2x.png
14:46:47 [WRN][         mforms]: Resource file not found: wb_perform_config@2x.png
14:46:47 [WRN][         mforms]: Resource file not found: busy_sidebar_mac@2x.png
14:46:47 [WRN][         mforms]: Resource file not found: busy_sidebar_mac@2x.png
14:46:47 [WRN][         mforms]: Resource file not found: busy_sidebar_mac@2x.png
14:46:47 [WRN][         mforms]: Resource file not found: wb_perform_config@2x.png
14:46:47 [WRN][         mforms]: Resource file not found: busy_sidebar_mac@2x.png
14:46:47 [WRN][         mforms]: Resource file not found: busy_sidebar_mac@2x.png
14:46:47 [WRN][         mforms]: Resource file not found: busy_sidebar_mac@2x.png
14:46:47 [WRN][         mforms]: Resource file not found: wb_perform_config@2x.png
14:46:47 [WRN][         mforms]: Resource file not found: busy_sidebar_mac@2x.png
14:46:47 [WRN][         mforms]: Resource file not found: busy_sidebar_mac@2x.png
14:46:47 [WRN][         mforms]: Resource file not found: busy_sidebar_mac@2x.png
14:46:47 [WRN][         mforms]: Resource file not found: wb_perform_config@2x.png
14:46:47 [WRN][         mforms]: Resource file not found: busy_sidebar_mac@2x.png
14:46:47 [WRN][         mforms]: Resource file not found: busy_sidebar_mac@2x.png
14:46:47 [WRN][         mforms]: Resource file not found: busy_sidebar_mac@2x.png
14:46:47 [WRN][         mforms]: Resource file not found: wb_perform_config@2x.png
14:46:47 [WRN][         mforms]: Resource file not found: busy_sidebar_mac@2x.png
14:46:47 [WRN][         mforms]: Resource file not found: busy_sidebar_mac@2x.png
14:46:47 [WRN][         mforms]: Resource file not found: busy_sidebar_mac@2x.png
14:46:47 [WRN][         mforms]: Resource file not found: wb_perform_config@2x.png
14:46:47 [WRN][         mforms]: Resource file not found: busy_sidebar_mac@2x.png
14:46:47 [WRN][         mforms]: Resource file not found: busy_sidebar_mac@2x.png
14:46:50 [WRN][         mforms]: Resource file not found: busy_sidebar_mac@2x.png
14:46:50 [WRN][         mforms]: Resource file not found: wb_perform_config@2x.png
14:46:50 [WRN][         mforms]: Resource file not found: busy_sidebar_mac@2x.png
14:46:50 [WRN][         mforms]: Resource file not found: busy_sidebar_mac@2x.png
14:46:57 [WRN][         mforms]: Resource file not found: busy_sidebar_mac@2x.png
14:46:57 [WRN][         mforms]: Resource file not found: wb_perform_config@2x.png
14:46:57 [WRN][         mforms]: Resource file not found: busy_sidebar_mac@2x.png
14:46:57 [WRN][         mforms]: Resource file not found: busy_sidebar_mac@2x.png
14:46:58 [WRN][         mforms]: Resource file not found: busy_sidebar_mac@2x.png
14:46:58 [WRN][         mforms]: Resource file not found: wb_perform_config@2x.png
14:46:58 [WRN][         mforms]: Resource file not found: busy_sidebar_mac@2x.png
14:46:58 [WRN][         mforms]: Resource file not found: busy_sidebar_mac@2x.png
14:47:00 [INF][      Workbench]: Shutting down Workbench
14:47:00 [INF][      Workbench]: Workbench shutdown done
