12:23:23 [INF][      Workbench]: Starting up Workbench
12:23:23 [INF][   WBContext UI]: Initializing workbench context UI with these values:
	base dir: /Applications/MySQLWorkbench.app/Contents/Resources
	plugin path: /Applications/MySQLWorkbench.app/Contents/PlugIns
	struct path: /Applications/MySQLWorkbench.app/Contents/Resources/grt
	module path: /Applications/MySQLWorkbench.app/Contents/PlugIns:/Applications/MySQLWorkbench.app/Contents/Resources/plugins
	library path: /Applications/MySQLWorkbench.app/Contents/Resources/libraries
	user data dir: /Users/hayrettinsendag/Library/Application Support/MySQL/Workbench
	open at start: 
	open type: 
	run at startup: 
	run type: 
	Force SW rendering: No
	Force OpenGL: No
	quit when done: No
12:23:23 [INF][      WBContext]: WbContext::init
12:23:26 [INF][            WBA]: Looking for extension modules for WBA...
12:23:26 [INF][            WBA]: 0 extension modules found
12:23:26 [WRN][            grt]: Duplicate plugin name wb.tools.cmdlineClient	There is more than one plugin with the name wb.tools.cmdlineClient (in PyWbUtils and PyWbUtils).
12:23:26 [WRN][            grt]: Duplicate plugin name wb.tools.cmdlineClient	There is more than one plugin with the name wb.tools.cmdlineClient (in PyWbUtils and PyWbUtils).
12:23:26 [INF][      WBContext]: System info:
 	MySQL Workbench Community (GPL) for macOS version 8.0.30 CE build 2054668 (64 bit)
	Configuration Directory: /Users/hayrettinsendag/Library/Application Support/MySQL/Workbench
	Data Directory: /Applications/MySQLWorkbench.app/Contents/Resources
	Cairo Version: 1.17.4
	OS: macOS 11.x Big Sur x86_64
	CPU: 4x Intel(R) Core(TM) i5-4288U CPU @ 2.60GHz - 8.00GiB RAM
No video adapter info available

12:23:27 [WRN][         mforms]: Resource file not found: wb_tile_sakila_light@2x.png
12:23:27 [WRN][         mforms]: Resource file not found: wb_tile_manage_light@2x.png
12:23:27 [WRN][         mforms]: Resource file not found: wb_tile_folder@2x.png
12:23:27 [WRN][         mforms]: Resource file not found: wb_tile_network_light@2x.png
12:23:27 [WRN][         mforms]: Resource file not found: wb_tile_plus_light@2x.png
12:23:27 [WRN][         mforms]: Resource file not found: wb_tile_user_light@2x.png
12:23:27 [WRN][         mforms]: Resource file not found: wb_tile_plus_light@2x.png
12:23:27 [WRN][         mforms]: Resource file not found: wb_doc_sql@2x.png
12:23:27 [WRN][         mforms]: Resource file not found: wb_tile_number_light@2x.png
12:23:27 [WRN][         mforms]: Resource file not found: wb_close@2x.png
12:23:27 [WRN][         mforms]: Resource file not found: wb_tile_open_light@2x.png
12:23:27 [WRN][         mforms]: Resource file not found: wb_tile_more_light@2x.png
12:23:27 [WRN][         mforms]: Resource file not found: wb_tile_sakila_light@2x.png
12:23:27 [WRN][         mforms]: Resource file not found: wb_tile_manage_light@2x.png
12:23:27 [WRN][         mforms]: Resource file not found: wb_tile_folder@2x.png
12:23:27 [WRN][         mforms]: Resource file not found: wb_tile_network_light@2x.png
12:23:27 [WRN][         mforms]: Resource file not found: wb_tile_plus_light@2x.png
12:23:27 [WRN][         mforms]: Resource file not found: wb_tile_user_light@2x.png
12:23:27 [WRN][         mforms]: Resource file not found: wb_tile_plus_light@2x.png
12:23:27 [WRN][         mforms]: Resource file not found: wb_doc_sql@2x.png
12:23:27 [WRN][         mforms]: Resource file not found: wb_tile_number_light@2x.png
12:23:27 [WRN][         mforms]: Resource file not found: wb_close@2x.png
12:23:27 [WRN][         mforms]: Resource file not found: wb_tile_open_light@2x.png
12:23:27 [WRN][         mforms]: Resource file not found: wb_tile_more_light@2x.png
12:23:27 [WRN][       WBModule]: OS not found on supported OS list. OS string: 'macOS 11.x Big Sur x86_64'
12:23:45 [ERR][  GRTDispatcher]: exception in grt execute_task, continuing: Exception: Access denied for user 'root'@'localhost' (using password: NO)
12:23:45 [ERR][  GRTDispatcher]: worker: task 'execute sql queries' has failed with error:.Access denied for user 'root'@'localhost' (using password: NO)
12:23:48 [INF][SQL Editor Form]: Opened connection 'Local instance 3306' to MySQL Community Server - GPL version 8.0.30
12:23:48 [WRN][         mforms]: Resource file not found: snippet_sql@2x.png
12:23:48 [WRN][         mforms]: Resource file not found: busy_sidebar_mac@2x.png
12:23:48 [INF][  column_widths]: Initializing column width cache for Local_instance_3306
12:23:48 [WRN][         mforms]: Resource file not found: busy_sidebar_mac@2x.png
12:23:48 [WRN][         mforms]: Resource file not found: busy_sidebar_mac@2x.png
12:23:48 [WRN][         mforms]: Resource file not found: wb_perform_config@2x.png
12:23:48 [WRN][         mforms]: Resource file not found: busy_sidebar_mac@2x.png
12:23:48 [WRN][         mforms]: Resource file not found: editor_statement@2x.png
12:23:48 [WRN][         mforms]: Resource file not found: editor_error@2x.png
12:23:48 [WRN][         mforms]: Resource file not found: editor_breakpoint@2x.png
12:23:48 [WRN][         mforms]: Resource file not found: editor_breakpoint_hit@2x.png
12:23:48 [WRN][         mforms]: Resource file not found: editor_current_pos@2x.png
12:23:48 [WRN][         mforms]: Resource file not found: editor_continue_on_error@2x.png
12:23:48 [WRN][         mforms]: Resource file not found: ac_keyword@2x.png
12:23:48 [WRN][         mforms]: Resource file not found: ac_schema@2x.png
12:23:48 [WRN][         mforms]: Resource file not found: ac_table@2x.png
12:23:48 [WRN][         mforms]: Resource file not found: ac_routine@2x.png
12:23:48 [WRN][         mforms]: Resource file not found: ac_function@2x.png
12:23:48 [WRN][         mforms]: Resource file not found: ac_view@2x.png
12:23:48 [WRN][         mforms]: Resource file not found: ac_column@2x.png
12:23:48 [WRN][         mforms]: Resource file not found: ac_operator@2x.png
12:23:48 [WRN][         mforms]: Resource file not found: ac_engine@2x.png
12:23:48 [WRN][         mforms]: Resource file not found: ac_trigger@2x.png
12:23:48 [WRN][         mforms]: Resource file not found: ac_logfilegroup@2x.png
12:23:48 [WRN][         mforms]: Resource file not found: ac_uservar@2x.png
12:23:48 [WRN][         mforms]: Resource file not found: ac_sysvar@2x.png
12:23:48 [WRN][         mforms]: Resource file not found: ac_tablespace@2x.png
12:23:48 [WRN][         mforms]: Resource file not found: ac_event@2x.png
12:23:48 [WRN][         mforms]: Resource file not found: ac_index@2x.png
12:23:48 [WRN][         mforms]: Resource file not found: ac_user@2x.png
12:23:48 [WRN][         mforms]: Resource file not found: ac_charset@2x.png
12:23:48 [WRN][         mforms]: Resource file not found: ac_collation@2x.png
12:23:48 [WRN][         mforms]: Resource file not found: busy_sidebar_mac@2x.png
12:23:48 [WRN][         mforms]: Resource file not found: busy_sidebar_mac@2x.png
12:23:49 [WRN][         mforms]: Resource file not found: busy_sidebar_mac@2x.png
12:23:49 [WRN][         mforms]: Resource file not found: wb_perform_config@2x.png
12:23:49 [WRN][         mforms]: Resource file not found: busy_sidebar_mac@2x.png
12:23:49 [WRN][         mforms]: Resource file not found: busy_sidebar_mac@2x.png
12:23:53 [WRN][         mforms]: Resource file not found: busy_sidebar_mac@2x.png
12:23:53 [WRN][         mforms]: Resource file not found: wb_perform_config@2x.png
12:23:53 [WRN][         mforms]: Resource file not found: busy_sidebar_mac@2x.png
12:23:53 [WRN][         mforms]: Resource file not found: busy_sidebar_mac@2x.png
12:23:53 [WRN][         mforms]: Resource file not found: busy_sidebar_mac@2x.png
12:23:53 [WRN][         mforms]: Resource file not found: wb_perform_config@2x.png
12:23:53 [WRN][         mforms]: Resource file not found: busy_sidebar_mac@2x.png
12:23:53 [WRN][         mforms]: Resource file not found: busy_sidebar_mac@2x.png
12:23:54 [WRN][         mforms]: Resource file not found: busy_sidebar_mac@2x.png
12:23:54 [WRN][         mforms]: Resource file not found: wb_perform_config@2x.png
12:23:54 [WRN][         mforms]: Resource file not found: busy_sidebar_mac@2x.png
12:23:54 [WRN][         mforms]: Resource file not found: busy_sidebar_mac@2x.png
12:23:54 [WRN][         mforms]: Resource file not found: busy_sidebar_mac@2x.png
12:23:54 [WRN][         mforms]: Resource file not found: wb_perform_config@2x.png
12:23:54 [WRN][         mforms]: Resource file not found: busy_sidebar_mac@2x.png
12:23:54 [WRN][         mforms]: Resource file not found: busy_sidebar_mac@2x.png
12:23:54 [WRN][         mforms]: Resource file not found: busy_sidebar_mac@2x.png
12:23:54 [WRN][         mforms]: Resource file not found: wb_perform_config@2x.png
12:23:54 [WRN][         mforms]: Resource file not found: busy_sidebar_mac@2x.png
12:23:54 [WRN][         mforms]: Resource file not found: busy_sidebar_mac@2x.png
12:23:54 [WRN][         mforms]: Resource file not found: busy_sidebar_mac@2x.png
12:23:54 [WRN][         mforms]: Resource file not found: wb_perform_config@2x.png
12:23:54 [WRN][         mforms]: Resource file not found: busy_sidebar_mac@2x.png
12:23:54 [WRN][         mforms]: Resource file not found: busy_sidebar_mac@2x.png
12:23:54 [WRN][         mforms]: Resource file not found: busy_sidebar_mac@2x.png
12:23:54 [WRN][         mforms]: Resource file not found: wb_perform_config@2x.png
12:23:54 [WRN][         mforms]: Resource file not found: busy_sidebar_mac@2x.png
12:23:54 [WRN][         mforms]: Resource file not found: busy_sidebar_mac@2x.png
12:23:54 [WRN][         mforms]: Resource file not found: busy_sidebar_mac@2x.png
12:23:54 [WRN][         mforms]: Resource file not found: wb_perform_config@2x.png
12:23:54 [WRN][         mforms]: Resource file not found: busy_sidebar_mac@2x.png
12:23:54 [WRN][         mforms]: Resource file not found: busy_sidebar_mac@2x.png
12:23:54 [WRN][         mforms]: Resource file not found: busy_sidebar_mac@2x.png
12:23:54 [WRN][         mforms]: Resource file not found: wb_perform_config@2x.png
12:23:54 [WRN][         mforms]: Resource file not found: busy_sidebar_mac@2x.png
12:23:54 [WRN][         mforms]: Resource file not found: busy_sidebar_mac@2x.png
12:23:54 [WRN][         mforms]: Resource file not found: busy_sidebar_mac@2x.png
12:23:54 [WRN][         mforms]: Resource file not found: wb_perform_config@2x.png
12:23:54 [WRN][         mforms]: Resource file not found: busy_sidebar_mac@2x.png
12:23:54 [WRN][         mforms]: Resource file not found: busy_sidebar_mac@2x.png
12:23:54 [WRN][         mforms]: Resource file not found: busy_sidebar_mac@2x.png
12:23:54 [WRN][         mforms]: Resource file not found: wb_perform_config@2x.png
12:23:54 [WRN][         mforms]: Resource file not found: busy_sidebar_mac@2x.png
12:23:54 [WRN][         mforms]: Resource file not found: busy_sidebar_mac@2x.png
12:23:54 [WRN][         mforms]: Resource file not found: busy_sidebar_mac@2x.png
12:23:54 [WRN][         mforms]: Resource file not found: wb_perform_config@2x.png
12:23:54 [WRN][         mforms]: Resource file not found: busy_sidebar_mac@2x.png
12:23:54 [WRN][         mforms]: Resource file not found: busy_sidebar_mac@2x.png
12:23:54 [WRN][         mforms]: Resource file not found: busy_sidebar_mac@2x.png
12:23:54 [WRN][         mforms]: Resource file not found: wb_perform_config@2x.png
12:23:54 [WRN][         mforms]: Resource file not found: busy_sidebar_mac@2x.png
12:23:54 [WRN][         mforms]: Resource file not found: busy_sidebar_mac@2x.png
12:23:54 [WRN][         mforms]: Resource file not found: busy_sidebar_mac@2x.png
12:23:54 [WRN][         mforms]: Resource file not found: wb_perform_config@2x.png
12:23:54 [WRN][         mforms]: Resource file not found: busy_sidebar_mac@2x.png
12:23:54 [WRN][         mforms]: Resource file not found: busy_sidebar_mac@2x.png
12:23:54 [WRN][         mforms]: Resource file not found: busy_sidebar_mac@2x.png
12:23:54 [WRN][         mforms]: Resource file not found: wb_perform_config@2x.png
12:23:54 [WRN][         mforms]: Resource file not found: busy_sidebar_mac@2x.png
12:23:54 [WRN][         mforms]: Resource file not found: busy_sidebar_mac@2x.png
12:23:54 [WRN][         mforms]: Resource file not found: busy_sidebar_mac@2x.png
12:23:54 [WRN][         mforms]: Resource file not found: wb_perform_config@2x.png
12:23:54 [WRN][         mforms]: Resource file not found: busy_sidebar_mac@2x.png
12:23:54 [WRN][         mforms]: Resource file not found: busy_sidebar_mac@2x.png
12:23:54 [WRN][         mforms]: Resource file not found: busy_sidebar_mac@2x.png
12:23:54 [WRN][         mforms]: Resource file not found: wb_perform_config@2x.png
12:23:54 [WRN][         mforms]: Resource file not found: busy_sidebar_mac@2x.png
12:23:54 [WRN][         mforms]: Resource file not found: busy_sidebar_mac@2x.png
12:23:55 [WRN][         mforms]: Resource file not found: busy_sidebar_mac@2x.png
12:23:55 [WRN][         mforms]: Resource file not found: wb_perform_config@2x.png
12:23:55 [WRN][         mforms]: Resource file not found: busy_sidebar_mac@2x.png
12:23:55 [WRN][         mforms]: Resource file not found: busy_sidebar_mac@2x.png
12:23:55 [WRN][         mforms]: Resource file not found: busy_sidebar_mac@2x.png
12:23:55 [WRN][         mforms]: Resource file not found: wb_perform_config@2x.png
12:23:55 [WRN][         mforms]: Resource file not found: busy_sidebar_mac@2x.png
12:23:55 [WRN][         mforms]: Resource file not found: busy_sidebar_mac@2x.png
12:23:55 [WRN][         mforms]: Resource file not found: busy_sidebar_mac@2x.png
12:23:55 [WRN][         mforms]: Resource file not found: wb_perform_config@2x.png
12:23:55 [WRN][         mforms]: Resource file not found: busy_sidebar_mac@2x.png
12:23:55 [WRN][         mforms]: Resource file not found: busy_sidebar_mac@2x.png
12:23:55 [WRN][         mforms]: Resource file not found: busy_sidebar_mac@2x.png
12:23:55 [WRN][         mforms]: Resource file not found: wb_perform_config@2x.png
12:23:55 [WRN][         mforms]: Resource file not found: busy_sidebar_mac@2x.png
12:23:55 [WRN][         mforms]: Resource file not found: busy_sidebar_mac@2x.png
12:23:56 [WRN][         mforms]: Resource file not found: busy_sidebar_mac@2x.png
12:23:56 [WRN][         mforms]: Resource file not found: wb_perform_config@2x.png
12:23:56 [WRN][         mforms]: Resource file not found: busy_sidebar_mac@2x.png
12:23:56 [WRN][         mforms]: Resource file not found: busy_sidebar_mac@2x.png
12:23:56 [WRN][         mforms]: Resource file not found: busy_sidebar_mac@2x.png
12:23:56 [WRN][         mforms]: Resource file not found: wb_perform_config@2x.png
12:23:56 [WRN][         mforms]: Resource file not found: busy_sidebar_mac@2x.png
12:23:56 [WRN][         mforms]: Resource file not found: busy_sidebar_mac@2x.png
12:23:56 [WRN][         mforms]: Resource file not found: busy_sidebar_mac@2x.png
12:23:56 [WRN][         mforms]: Resource file not found: wb_perform_config@2x.png
12:23:56 [WRN][         mforms]: Resource file not found: busy_sidebar_mac@2x.png
12:23:56 [WRN][         mforms]: Resource file not found: busy_sidebar_mac@2x.png
12:23:56 [WRN][         mforms]: Resource file not found: busy_sidebar_mac@2x.png
12:23:56 [WRN][         mforms]: Resource file not found: wb_perform_config@2x.png
12:23:56 [WRN][         mforms]: Resource file not found: busy_sidebar_mac@2x.png
12:23:56 [WRN][         mforms]: Resource file not found: busy_sidebar_mac@2x.png
12:23:56 [WRN][         mforms]: Resource file not found: busy_sidebar_mac@2x.png
12:23:56 [WRN][         mforms]: Resource file not found: wb_perform_config@2x.png
12:23:56 [WRN][         mforms]: Resource file not found: busy_sidebar_mac@2x.png
12:23:56 [WRN][         mforms]: Resource file not found: busy_sidebar_mac@2x.png
12:23:56 [WRN][         mforms]: Resource file not found: busy_sidebar_mac@2x.png
12:23:56 [WRN][         mforms]: Resource file not found: wb_perform_config@2x.png
12:23:56 [WRN][         mforms]: Resource file not found: busy_sidebar_mac@2x.png
12:23:56 [WRN][         mforms]: Resource file not found: busy_sidebar_mac@2x.png
12:23:56 [WRN][         mforms]: Resource file not found: busy_sidebar_mac@2x.png
12:23:56 [WRN][         mforms]: Resource file not found: wb_perform_config@2x.png
12:23:56 [WRN][         mforms]: Resource file not found: busy_sidebar_mac@2x.png
12:23:56 [WRN][         mforms]: Resource file not found: busy_sidebar_mac@2x.png
12:23:56 [WRN][         mforms]: Resource file not found: busy_sidebar_mac@2x.png
12:23:56 [WRN][         mforms]: Resource file not found: wb_perform_config@2x.png
12:23:56 [WRN][         mforms]: Resource file not found: busy_sidebar_mac@2x.png
12:23:56 [WRN][         mforms]: Resource file not found: busy_sidebar_mac@2x.png
12:23:56 [WRN][         mforms]: Resource file not found: busy_sidebar_mac@2x.png
12:23:56 [WRN][         mforms]: Resource file not found: wb_perform_config@2x.png
12:23:56 [WRN][         mforms]: Resource file not found: busy_sidebar_mac@2x.png
12:23:56 [WRN][         mforms]: Resource file not found: busy_sidebar_mac@2x.png
12:23:56 [WRN][         mforms]: Resource file not found: busy_sidebar_mac@2x.png
12:23:56 [WRN][         mforms]: Resource file not found: wb_perform_config@2x.png
12:23:56 [WRN][         mforms]: Resource file not found: busy_sidebar_mac@2x.png
12:23:56 [WRN][         mforms]: Resource file not found: busy_sidebar_mac@2x.png
12:23:56 [WRN][         mforms]: Resource file not found: busy_sidebar_mac@2x.png
12:23:56 [WRN][         mforms]: Resource file not found: wb_perform_config@2x.png
12:23:56 [WRN][         mforms]: Resource file not found: busy_sidebar_mac@2x.png
12:23:56 [WRN][         mforms]: Resource file not found: busy_sidebar_mac@2x.png
12:23:57 [WRN][         mforms]: Resource file not found: busy_sidebar_mac@2x.png
12:23:57 [WRN][         mforms]: Resource file not found: wb_perform_config@2x.png
12:23:57 [WRN][         mforms]: Resource file not found: busy_sidebar_mac@2x.png
12:23:57 [WRN][         mforms]: Resource file not found: busy_sidebar_mac@2x.png
12:23:57 [WRN][         mforms]: Resource file not found: busy_sidebar_mac@2x.png
12:23:57 [WRN][         mforms]: Resource file not found: wb_perform_config@2x.png
12:23:57 [WRN][         mforms]: Resource file not found: busy_sidebar_mac@2x.png
12:23:57 [WRN][         mforms]: Resource file not found: busy_sidebar_mac@2x.png
12:23:57 [WRN][         mforms]: Resource file not found: busy_sidebar_mac@2x.png
12:23:57 [WRN][         mforms]: Resource file not found: wb_perform_config@2x.png
12:23:57 [WRN][         mforms]: Resource file not found: busy_sidebar_mac@2x.png
12:23:57 [WRN][         mforms]: Resource file not found: busy_sidebar_mac@2x.png
12:23:57 [WRN][         mforms]: Resource file not found: busy_sidebar_mac@2x.png
12:23:57 [WRN][         mforms]: Resource file not found: wb_perform_config@2x.png
12:23:57 [WRN][         mforms]: Resource file not found: busy_sidebar_mac@2x.png
12:23:57 [WRN][         mforms]: Resource file not found: busy_sidebar_mac@2x.png
12:23:57 [WRN][         mforms]: Resource file not found: busy_sidebar_mac@2x.png
12:23:57 [WRN][         mforms]: Resource file not found: wb_perform_config@2x.png
12:23:57 [WRN][         mforms]: Resource file not found: busy_sidebar_mac@2x.png
12:23:57 [WRN][         mforms]: Resource file not found: busy_sidebar_mac@2x.png
12:23:57 [WRN][         mforms]: Resource file not found: busy_sidebar_mac@2x.png
12:23:57 [WRN][         mforms]: Resource file not found: wb_perform_config@2x.png
12:23:57 [WRN][         mforms]: Resource file not found: busy_sidebar_mac@2x.png
12:23:57 [WRN][         mforms]: Resource file not found: busy_sidebar_mac@2x.png
12:23:57 [WRN][         mforms]: Resource file not found: busy_sidebar_mac@2x.png
12:23:57 [WRN][         mforms]: Resource file not found: wb_perform_config@2x.png
12:23:57 [WRN][         mforms]: Resource file not found: busy_sidebar_mac@2x.png
12:23:57 [WRN][         mforms]: Resource file not found: busy_sidebar_mac@2x.png
12:23:57 [WRN][         mforms]: Resource file not found: busy_sidebar_mac@2x.png
12:23:57 [WRN][         mforms]: Resource file not found: wb_perform_config@2x.png
12:23:57 [WRN][         mforms]: Resource file not found: busy_sidebar_mac@2x.png
12:23:57 [WRN][         mforms]: Resource file not found: busy_sidebar_mac@2x.png
12:23:57 [WRN][         mforms]: Resource file not found: busy_sidebar_mac@2x.png
12:23:57 [WRN][         mforms]: Resource file not found: wb_perform_config@2x.png
12:23:57 [WRN][         mforms]: Resource file not found: busy_sidebar_mac@2x.png
12:23:57 [WRN][         mforms]: Resource file not found: busy_sidebar_mac@2x.png
12:23:57 [WRN][         mforms]: Resource file not found: busy_sidebar_mac@2x.png
12:23:57 [WRN][         mforms]: Resource file not found: wb_perform_config@2x.png
12:23:57 [WRN][         mforms]: Resource file not found: busy_sidebar_mac@2x.png
12:23:57 [WRN][         mforms]: Resource file not found: busy_sidebar_mac@2x.png
12:23:57 [WRN][         mforms]: Resource file not found: busy_sidebar_mac@2x.png
12:23:57 [WRN][         mforms]: Resource file not found: wb_perform_config@2x.png
12:23:57 [WRN][         mforms]: Resource file not found: busy_sidebar_mac@2x.png
12:23:57 [WRN][         mforms]: Resource file not found: busy_sidebar_mac@2x.png
12:23:57 [WRN][         mforms]: Resource file not found: busy_sidebar_mac@2x.png
12:23:57 [WRN][         mforms]: Resource file not found: wb_perform_config@2x.png
12:23:57 [WRN][         mforms]: Resource file not found: busy_sidebar_mac@2x.png
12:23:57 [WRN][         mforms]: Resource file not found: busy_sidebar_mac@2x.png
12:24:00 [WRN][         mforms]: Resource file not found: busy_sidebar_mac@2x.png
12:24:00 [WRN][         mforms]: Resource file not found: wb_perform_config@2x.png
12:24:00 [WRN][         mforms]: Resource file not found: busy_sidebar_mac@2x.png
12:24:00 [WRN][         mforms]: Resource file not found: busy_sidebar_mac@2x.png
12:24:00 [WRN][         mforms]: Resource file not found: busy_sidebar_mac@2x.png
12:24:00 [WRN][         mforms]: Resource file not found: wb_perform_config@2x.png
12:24:00 [WRN][         mforms]: Resource file not found: busy_sidebar_mac@2x.png
12:24:00 [WRN][         mforms]: Resource file not found: busy_sidebar_mac@2x.png
12:24:00 [WRN][         mforms]: Resource file not found: busy_sidebar_mac@2x.png
12:24:00 [WRN][         mforms]: Resource file not found: wb_perform_config@2x.png
12:24:00 [WRN][         mforms]: Resource file not found: busy_sidebar_mac@2x.png
12:24:00 [WRN][         mforms]: Resource file not found: busy_sidebar_mac@2x.png
12:24:00 [WRN][         mforms]: Resource file not found: busy_sidebar_mac@2x.png
12:24:00 [WRN][         mforms]: Resource file not found: wb_perform_config@2x.png
12:24:00 [WRN][         mforms]: Resource file not found: busy_sidebar_mac@2x.png
12:24:00 [WRN][         mforms]: Resource file not found: busy_sidebar_mac@2x.png
12:24:01 [WRN][         mforms]: Resource file not found: busy_sidebar_mac@2x.png
12:24:01 [WRN][         mforms]: Resource file not found: wb_perform_config@2x.png
12:24:01 [WRN][         mforms]: Resource file not found: busy_sidebar_mac@2x.png
12:24:01 [WRN][         mforms]: Resource file not found: busy_sidebar_mac@2x.png
12:24:01 [WRN][         mforms]: Resource file not found: busy_sidebar_mac@2x.png
12:24:01 [WRN][         mforms]: Resource file not found: wb_perform_config@2x.png
12:24:01 [WRN][         mforms]: Resource file not found: busy_sidebar_mac@2x.png
12:24:01 [WRN][         mforms]: Resource file not found: busy_sidebar_mac@2x.png
12:24:01 [WRN][         mforms]: Resource file not found: busy_sidebar_mac@2x.png
12:24:01 [WRN][         mforms]: Resource file not found: wb_perform_config@2x.png
12:24:01 [WRN][         mforms]: Resource file not found: busy_sidebar_mac@2x.png
12:24:01 [WRN][         mforms]: Resource file not found: busy_sidebar_mac@2x.png
12:24:01 [WRN][         mforms]: Resource file not found: busy_sidebar_mac@2x.png
12:24:01 [WRN][         mforms]: Resource file not found: wb_perform_config@2x.png
12:24:01 [WRN][         mforms]: Resource file not found: busy_sidebar_mac@2x.png
12:24:01 [WRN][         mforms]: Resource file not found: busy_sidebar_mac@2x.png
12:24:01 [WRN][         mforms]: Resource file not found: busy_sidebar_mac@2x.png
12:24:01 [WRN][         mforms]: Resource file not found: wb_perform_config@2x.png
12:24:01 [WRN][         mforms]: Resource file not found: busy_sidebar_mac@2x.png
12:24:01 [WRN][         mforms]: Resource file not found: busy_sidebar_mac@2x.png
12:24:05 [WRN][         mforms]: Resource file not found: busy_sidebar_mac@2x.png
12:24:05 [WRN][         mforms]: Resource file not found: wb_perform_config@2x.png
12:24:05 [WRN][         mforms]: Resource file not found: busy_sidebar_mac@2x.png
12:24:05 [WRN][         mforms]: Resource file not found: busy_sidebar_mac@2x.png
12:24:05 [WRN][         mforms]: Resource file not found: busy_sidebar_mac@2x.png
12:24:05 [WRN][         mforms]: Resource file not found: wb_perform_config@2x.png
12:24:05 [WRN][         mforms]: Resource file not found: busy_sidebar_mac@2x.png
12:24:05 [WRN][         mforms]: Resource file not found: busy_sidebar_mac@2x.png
12:24:05 [WRN][         mforms]: Resource file not found: busy_sidebar_mac@2x.png
12:24:05 [WRN][         mforms]: Resource file not found: wb_perform_config@2x.png
12:24:05 [WRN][         mforms]: Resource file not found: busy_sidebar_mac@2x.png
12:24:05 [WRN][         mforms]: Resource file not found: busy_sidebar_mac@2x.png
12:24:05 [WRN][         mforms]: Resource file not found: busy_sidebar_mac@2x.png
12:24:05 [WRN][         mforms]: Resource file not found: wb_perform_config@2x.png
12:24:05 [WRN][         mforms]: Resource file not found: busy_sidebar_mac@2x.png
12:24:05 [WRN][         mforms]: Resource file not found: busy_sidebar_mac@2x.png
12:24:05 [WRN][         mforms]: Resource file not found: busy_sidebar_mac@2x.png
12:24:05 [WRN][         mforms]: Resource file not found: wb_perform_config@2x.png
12:24:05 [WRN][         mforms]: Resource file not found: busy_sidebar_mac@2x.png
12:24:05 [WRN][         mforms]: Resource file not found: busy_sidebar_mac@2x.png
12:24:05 [WRN][         mforms]: Resource file not found: busy_sidebar_mac@2x.png
12:24:05 [WRN][         mforms]: Resource file not found: wb_perform_config@2x.png
12:24:05 [WRN][         mforms]: Resource file not found: busy_sidebar_mac@2x.png
12:24:05 [WRN][         mforms]: Resource file not found: busy_sidebar_mac@2x.png
12:33:23 [INF][      Workbench]: Shutting down Workbench
12:33:23 [INF][      Workbench]: Workbench shutdown done
