20:44:28 [INF][      Workbench]: Starting up Workbench
20:44:28 [INF][   WBContext UI]: Initializing workbench context UI with these values:
	base dir: /Users/mortonorto/Desktop/MySQLWorkbench.app/Contents/Resources
	plugin path: /Users/mortonorto/Desktop/MySQLWorkbench.app/Contents/PlugIns
	struct path: /Users/mortonorto/Desktop/MySQLWorkbench.app/Contents/Resources/grt
	module path: /Users/mortonorto/Desktop/MySQLWorkbench.app/Contents/PlugIns:/Users/mortonorto/Desktop/MySQLWorkbench.app/Contents/Resources/plugins
	library path: /Users/mortonorto/Desktop/MySQLWorkbench.app/Contents/Resources/libraries
	user data dir: /Users/mortonorto/Library/Application Support/MySQL/Workbench
	open at start: 
	open type: 
	run at startup: 
	run type: 
	Force SW rendering: No
	Force OpenGL: No
	quit when done: No
20:44:28 [INF][      WBContext]: WbContext::init
20:44:28 [INF][            WBA]: Looking for extension modules for WBA...
20:44:28 [INF][            WBA]: 0 extension modules found
20:44:28 [WRN][            grt]: Duplicate plugin name wb.tools.cmdlineClient	There is more than one plugin with the name wb.tools.cmdlineClient (in PyWbUtils and PyWbUtils).
20:44:28 [WRN][            grt]: /Users/mortonorto/Library/Application Support/MySQL/Workbench/connections.xml:17: link '74D57EB1-BC87-49E1-A874-6EF3DC1E9484' <object GrtObject> key=owner could not be resolved
20:44:28 [WRN][            grt]: Duplicate plugin name wb.tools.cmdlineClient	There is more than one plugin with the name wb.tools.cmdlineClient (in PyWbUtils and PyWbUtils).
20:44:28 [INF][      WBContext]: System info:
 	MySQL Workbench Community (GPL) for macOS version 8.0.32 CE build 2612062 (64 bit)
	Configuration Directory: /Users/mortonorto/Library/Application Support/MySQL/Workbench
	Data Directory: /Users/mortonorto/Desktop/MySQLWorkbench.app/Contents/Resources
	Cairo Version: 1.17.6
	OS: macOS 12.x Monterey x86_64
	CPU: 8x Apple M2 - 16.00GiB RAM
No video adapter info available

20:44:28 [INF][    WQE backend]: Found auto-save workspace /Users/mortonorto/Library/Application Support/MySQL/Workbench/sql_workspaces/Local_instance_3306-1.autosave
20:44:29 [WRN][         mforms]: Resource file not found: wb_tile_sakila_dark@2x.png
20:44:29 [WRN][         mforms]: Resource file not found: wb_tile_manage_dark@2x.png
20:44:29 [WRN][         mforms]: Resource file not found: wb_tile_folder@2x.png
20:44:29 [WRN][         mforms]: Resource file not found: wb_tile_network_dark@2x.png
20:44:29 [WRN][         mforms]: Resource file not found: wb_tile_plus_dark@2x.png
20:44:29 [WRN][         mforms]: Resource file not found: wb_tile_user_dark@2x.png
20:44:29 [WRN][         mforms]: Resource file not found: wb_tile_plus_dark@2x.png
20:44:29 [WRN][         mforms]: Resource file not found: wb_doc_sql@2x.png
20:44:29 [WRN][         mforms]: Resource file not found: wb_tile_number_dark@2x.png
20:44:29 [WRN][         mforms]: Resource file not found: wb_close@2x.png
20:44:29 [WRN][         mforms]: Resource file not found: wb_tile_open_dark@2x.png
20:44:29 [WRN][         mforms]: Resource file not found: wb_tile_more_dark@2x.png
20:44:29 [WRN][         mforms]: Resource file not found: wb_tile_sakila_dark@2x.png
20:44:29 [WRN][         mforms]: Resource file not found: wb_tile_manage_dark@2x.png
20:44:29 [WRN][         mforms]: Resource file not found: wb_tile_folder@2x.png
20:44:29 [WRN][         mforms]: Resource file not found: wb_tile_network_dark@2x.png
20:44:29 [WRN][         mforms]: Resource file not found: wb_tile_plus_dark@2x.png
20:44:29 [WRN][         mforms]: Resource file not found: wb_tile_user_dark@2x.png
20:44:29 [WRN][         mforms]: Resource file not found: wb_tile_plus_dark@2x.png
20:44:29 [WRN][         mforms]: Resource file not found: wb_doc_sql@2x.png
20:44:29 [WRN][         mforms]: Resource file not found: wb_tile_number_dark@2x.png
20:44:29 [WRN][         mforms]: Resource file not found: wb_close@2x.png
20:44:29 [WRN][         mforms]: Resource file not found: wb_tile_open_dark@2x.png
20:44:29 [WRN][         mforms]: Resource file not found: wb_tile_more_dark@2x.png
20:44:31 [ERR][  GRTDispatcher]: exception in grt execute_task, continuing: Exception: Access denied for user 'root'@'localhost' (using password: NO)
20:44:31 [ERR][  GRTDispatcher]: worker: task 'execute sql queries' has failed with error:.Access denied for user 'root'@'localhost' (using password: NO)
20:44:35 [INF][SQL Editor Form]: Opened connection 'Local instance 3306' to MySQL Community Server - GPL version 8.0.32
20:44:35 [WRN][         mforms]: Resource file not found: snippet_sql@2x.png
20:44:36 [WRN][         mforms]: Resource file not found: busy_sidebar_mac@2x.png
20:44:36 [WRN][         mforms]: Resource file not found: busy_sidebar_mac@2x.png
20:44:36 [WRN][         mforms]: Resource file not found: busy_sidebar_mac@2x.png
20:44:36 [WRN][         mforms]: Resource file not found: wb_perform_config@2x.png
20:44:36 [WRN][         mforms]: Resource file not found: busy_sidebar_mac@2x.png
20:44:36 [WRN][         mforms]: Resource file not found: editor_statement@2x.png
20:44:36 [WRN][         mforms]: Resource file not found: editor_error@2x.png
20:44:36 [WRN][         mforms]: Resource file not found: editor_breakpoint@2x.png
20:44:36 [WRN][         mforms]: Resource file not found: editor_breakpoint_hit@2x.png
20:44:36 [WRN][         mforms]: Resource file not found: editor_current_pos@2x.png
20:44:36 [WRN][         mforms]: Resource file not found: editor_continue_on_error@2x.png
20:44:36 [WRN][         mforms]: Resource file not found: ac_keyword@2x.png
20:44:36 [WRN][         mforms]: Resource file not found: ac_schema@2x.png
20:44:36 [WRN][         mforms]: Resource file not found: ac_table@2x.png
20:44:36 [WRN][         mforms]: Resource file not found: ac_routine@2x.png
20:44:36 [WRN][         mforms]: Resource file not found: ac_function@2x.png
20:44:36 [WRN][         mforms]: Resource file not found: ac_view@2x.png
20:44:36 [WRN][         mforms]: Resource file not found: ac_column@2x.png
20:44:36 [WRN][         mforms]: Resource file not found: ac_operator@2x.png
20:44:36 [WRN][         mforms]: Resource file not found: ac_engine@2x.png
20:44:36 [WRN][         mforms]: Resource file not found: ac_trigger@2x.png
20:44:36 [WRN][         mforms]: Resource file not found: ac_logfilegroup@2x.png
20:44:36 [WRN][         mforms]: Resource file not found: ac_uservar@2x.png
20:44:36 [WRN][         mforms]: Resource file not found: ac_sysvar@2x.png
20:44:36 [WRN][         mforms]: Resource file not found: ac_tablespace@2x.png
20:44:36 [WRN][         mforms]: Resource file not found: ac_event@2x.png
20:44:36 [WRN][         mforms]: Resource file not found: ac_index@2x.png
20:44:36 [WRN][         mforms]: Resource file not found: ac_user@2x.png
20:44:36 [WRN][         mforms]: Resource file not found: ac_charset@2x.png
20:44:36 [WRN][         mforms]: Resource file not found: ac_collation@2x.png
20:44:36 [WRN][         mforms]: Resource file not found: busy_sidebar_mac@2x.png
20:44:36 [WRN][         mforms]: Resource file not found: busy_sidebar_mac@2x.png
20:44:36 [WRN][         mforms]: Resource file not found: busy_sidebar_mac@2x.png
20:44:36 [WRN][         mforms]: Resource file not found: wb_perform_config@2x.png
20:44:36 [WRN][         mforms]: Resource file not found: busy_sidebar_mac@2x.png
20:44:36 [WRN][         mforms]: Resource file not found: busy_sidebar_mac@2x.png
20:44:38 [WRN][         mforms]: Resource file not found: busy_sidebar_mac@2x.png
20:44:38 [WRN][         mforms]: Resource file not found: wb_perform_config@2x.png
20:44:38 [WRN][         mforms]: Resource file not found: busy_sidebar_mac@2x.png
20:44:38 [WRN][         mforms]: Resource file not found: busy_sidebar_mac@2x.png
20:44:40 [WRN][         mforms]: Resource file not found: busy_sidebar_mac@2x.png
20:44:40 [WRN][         mforms]: Resource file not found: wb_perform_config@2x.png
20:44:40 [WRN][         mforms]: Resource file not found: busy_sidebar_mac@2x.png
20:44:40 [WRN][         mforms]: Resource file not found: busy_sidebar_mac@2x.png
20:44:40 [WRN][         mforms]: Resource file not found: busy_sidebar_mac@2x.png
20:44:40 [WRN][         mforms]: Resource file not found: busy_sidebar_mac@2x.png
20:44:41 [WRN][         mforms]: Resource file not found: busy_sidebar_mac@2x.png
20:44:41 [WRN][         mforms]: Resource file not found: wb_perform_config@2x.png
20:44:41 [WRN][         mforms]: Resource file not found: busy_sidebar_mac@2x.png
20:44:41 [WRN][         mforms]: Resource file not found: busy_sidebar_mac@2x.png
20:44:44 [WRN][         mforms]: Resource file not found: busy_sidebar_mac@2x.png
20:44:44 [WRN][         mforms]: Resource file not found: wb_perform_config@2x.png
20:44:44 [WRN][         mforms]: Resource file not found: busy_sidebar_mac@2x.png
20:44:44 [WRN][         mforms]: Resource file not found: busy_sidebar_mac@2x.png
20:44:48 [WRN][         mforms]: Resource file not found: busy_sidebar_mac@2x.png
20:44:48 [WRN][         mforms]: Resource file not found: wb_perform_config@2x.png
20:44:48 [WRN][         mforms]: Resource file not found: busy_sidebar_mac@2x.png
20:44:48 [WRN][         mforms]: Resource file not found: busy_sidebar_mac@2x.png
20:44:50 [WRN][         mforms]: Resource file not found: busy_sidebar_mac@2x.png
20:44:50 [WRN][         mforms]: Resource file not found: wb_perform_config@2x.png
20:44:50 [WRN][         mforms]: Resource file not found: busy_sidebar_mac@2x.png
20:44:50 [WRN][         mforms]: Resource file not found: busy_sidebar_mac@2x.png
20:44:58 [WRN][         mforms]: Resource file not found: busy_sidebar_mac@2x.png
20:44:58 [WRN][         mforms]: Resource file not found: wb_perform_config@2x.png
20:44:58 [WRN][         mforms]: Resource file not found: busy_sidebar_mac@2x.png
20:44:58 [WRN][         mforms]: Resource file not found: busy_sidebar_mac@2x.png
20:44:58 [WRN][         mforms]: Resource file not found: busy_sidebar_mac@2x.png
20:44:58 [WRN][         mforms]: Resource file not found: busy_sidebar_mac@2x.png
20:44:58 [WRN][         mforms]: Resource file not found: busy_sidebar_mac@2x.png
20:44:59 [WRN][         mforms]: Resource file not found: busy_sidebar_mac@2x.png
20:44:59 [WRN][         mforms]: Resource file not found: busy_sidebar_mac@2x.png
20:44:59 [WRN][         mforms]: Resource file not found: busy_sidebar_mac@2x.png
20:44:59 [WRN][         mforms]: Resource file not found: busy_sidebar_mac@2x.png
20:45:00 [WRN][         mforms]: Resource file not found: busy_sidebar_mac@2x.png
20:45:00 [WRN][         mforms]: Resource file not found: wb_perform_config@2x.png
20:45:00 [WRN][         mforms]: Resource file not found: busy_sidebar_mac@2x.png
20:45:00 [WRN][         mforms]: Resource file not found: busy_sidebar_mac@2x.png
20:45:03 [WRN][         mforms]: Resource file not found: busy_sidebar_mac@2x.png
20:45:03 [WRN][         mforms]: Resource file not found: wb_perform_config@2x.png
20:45:03 [WRN][         mforms]: Resource file not found: busy_sidebar_mac@2x.png
20:45:03 [WRN][         mforms]: Resource file not found: busy_sidebar_mac@2x.png
20:45:05 [WRN][         mforms]: Resource file not found: busy_sidebar_mac@2x.png
20:45:05 [WRN][         mforms]: Resource file not found: wb_perform_config@2x.png
20:45:05 [WRN][         mforms]: Resource file not found: busy_sidebar_mac@2x.png
20:45:05 [WRN][         mforms]: Resource file not found: busy_sidebar_mac@2x.png
20:45:09 [WRN][         mforms]: Resource file not found: busy_sidebar_mac@2x.png
20:45:09 [WRN][         mforms]: Resource file not found: wb_perform_config@2x.png
20:45:09 [WRN][         mforms]: Resource file not found: busy_sidebar_mac@2x.png
20:45:09 [WRN][         mforms]: Resource file not found: busy_sidebar_mac@2x.png
20:45:10 [WRN][         mforms]: Resource file not found: busy_sidebar_mac@2x.png
20:45:10 [WRN][         mforms]: Resource file not found: busy_sidebar_mac@2x.png
20:45:10 [WRN][         mforms]: Resource file not found: busy_sidebar_mac@2x.png
20:45:10 [WRN][         mforms]: Resource file not found: busy_sidebar_mac@2x.png
20:45:10 [WRN][         mforms]: Resource file not found: busy_sidebar_mac@2x.png
20:45:10 [WRN][         mforms]: Resource file not found: busy_sidebar_mac@2x.png
20:45:10 [WRN][         mforms]: Resource file not found: busy_sidebar_mac@2x.png
20:45:10 [WRN][         mforms]: Resource file not found: busy_sidebar_mac@2x.png
20:45:10 [WRN][         mforms]: Resource file not found: busy_sidebar_mac@2x.png
20:45:10 [WRN][         mforms]: Resource file not found: busy_sidebar_mac@2x.png
20:45:10 [WRN][         mforms]: Resource file not found: busy_sidebar_mac@2x.png
20:45:10 [WRN][         mforms]: Resource file not found: busy_sidebar_mac@2x.png
20:45:10 [WRN][         mforms]: Resource file not found: busy_sidebar_mac@2x.png
20:45:10 [WRN][         mforms]: Resource file not found: wb_perform_config@2x.png
20:45:10 [WRN][         mforms]: Resource file not found: busy_sidebar_mac@2x.png
20:45:10 [WRN][         mforms]: Resource file not found: wb_perform_config@2x.png
20:45:10 [WRN][         mforms]: Resource file not found: busy_sidebar_mac@2x.png
20:45:11 [WRN][         mforms]: Resource file not found: wb_perform_config@2x.png
20:45:11 [WRN][         mforms]: Resource file not found: busy_sidebar_mac@2x.png
20:45:11 [WRN][         mforms]: Resource file not found: wb_perform_config@2x.png
20:45:11 [WRN][         mforms]: Resource file not found: busy_sidebar_mac@2x.png
20:45:11 [WRN][         mforms]: Resource file not found: wb_perform_config@2x.png
20:45:11 [WRN][         mforms]: Resource file not found: busy_sidebar_mac@2x.png
20:45:11 [WRN][         mforms]: Resource file not found: busy_sidebar_mac@2x.png
20:45:11 [WRN][         mforms]: Resource file not found: busy_sidebar_mac@2x.png
20:45:11 [WRN][         mforms]: Resource file not found: busy_sidebar_mac@2x.png
20:45:11 [WRN][         mforms]: Resource file not found: busy_sidebar_mac@2x.png
20:45:11 [WRN][         mforms]: Resource file not found: busy_sidebar_mac@2x.png
20:45:11 [WRN][         mforms]: Resource file not found: busy_sidebar_mac@2x.png
20:45:11 [WRN][         mforms]: Resource file not found: busy_sidebar_mac@2x.png
20:45:11 [WRN][         mforms]: Resource file not found: busy_sidebar_mac@2x.png
20:45:11 [WRN][         mforms]: Resource file not found: busy_sidebar_mac@2x.png
20:45:11 [WRN][         mforms]: Resource file not found: busy_sidebar_mac@2x.png
20:51:14 [ERR][SQL Editor Form]: Error Code: 1046. No database selected
Select the default DB to be used by double-clicking its name in the SCHEMAS list in the sidebar.
20:53:08 [WRN][  TableEditorBE]: VARCHAR() is not a valid column type
20:54:40 [ERR][SQL Editor Form]: 
20:56:04 [ERR][  GRTDispatcher]: exception in grt execute_task, continuing: Exception: There was an error while applying the SQL script to the database.
20:56:04 [ERR][  GRTDispatcher]: worker: task 'wizard task' has failed with error:.There was an error while applying the SQL script to the database.
20:56:40 [ERR][SQL Editor Form]: Error 1115: Unknown character set: 'DEFAULT'
SQL Statement:
CREATE TABLE `sys`.`country` (
  `country_name` VARCHAR(50) NULL,
  `country_code` VARCHAR(5) CHARACTER SET 'DEFAULT' NOT NULL,
  `year` INT NULL,
  `population` INT NULL,
  PRIMARY KEY (`country_code`))


20:57:17 [ERR][SQL Editor Form]: 
