20:38:52 [INF][      Workbench]: Starting up Workbench
20:38:53 [INF][   WBContext UI]: Initializing workbench context UI with these values:
	base dir: /Users/mortonorto/Desktop/MySQLWorkbench.app/Contents/Resources
	plugin path: /Users/mortonorto/Desktop/MySQLWorkbench.app/Contents/PlugIns
	struct path: /Users/mortonorto/Desktop/MySQLWorkbench.app/Contents/Resources/grt
	module path: /Users/mortonorto/Desktop/MySQLWorkbench.app/Contents/PlugIns:/Users/mortonorto/Desktop/MySQLWorkbench.app/Contents/Resources/plugins
	library path: /Users/mortonorto/Desktop/MySQLWorkbench.app/Contents/Resources/libraries
	user data dir: /Users/mortonorto/Library/Application Support/MySQL/Workbench
	open at start: 
	open type: 
	run at startup: 
	run type: 
	Force SW rendering: No
	Force OpenGL: No
	quit when done: No
20:38:53 [INF][      WBContext]: WbContext::init
20:38:53 [INF][            WBA]: Looking for extension modules for WBA...
20:38:53 [INF][            WBA]: 0 extension modules found
20:38:53 [WRN][            grt]: Duplicate plugin name wb.tools.cmdlineClient	There is more than one plugin with the name wb.tools.cmdlineClient (in PyWbUtils and PyWbUtils).
20:38:53 [WRN][            grt]: Duplicate plugin name wb.tools.cmdlineClient	There is more than one plugin with the name wb.tools.cmdlineClient (in PyWbUtils and PyWbUtils).
20:38:53 [INF][      WBContext]: System info:
 	MySQL Workbench Community (GPL) for macOS version 8.0.32 CE build 2612062 (64 bit)
	Configuration Directory: /Users/mortonorto/Library/Application Support/MySQL/Workbench
	Data Directory: /Users/mortonorto/Desktop/MySQLWorkbench.app/Contents/Resources
	Cairo Version: 1.17.6
	OS: macOS 12.x Monterey x86_64
	CPU: 8x Apple M2 - 16.00GiB RAM
No video adapter info available

20:38:53 [WRN][         mforms]: Resource file not found: wb_tile_sakila_dark@2x.png
20:38:53 [WRN][         mforms]: Resource file not found: wb_tile_manage_dark@2x.png
20:38:53 [WRN][         mforms]: Resource file not found: wb_tile_folder@2x.png
20:38:53 [WRN][         mforms]: Resource file not found: wb_tile_network_dark@2x.png
20:38:53 [WRN][         mforms]: Resource file not found: wb_tile_plus_dark@2x.png
20:38:53 [WRN][         mforms]: Resource file not found: wb_tile_user_dark@2x.png
20:38:53 [WRN][         mforms]: Resource file not found: wb_tile_plus_dark@2x.png
20:38:53 [WRN][         mforms]: Resource file not found: wb_doc_sql@2x.png
20:38:53 [WRN][         mforms]: Resource file not found: wb_tile_number_dark@2x.png
20:38:53 [WRN][         mforms]: Resource file not found: wb_close@2x.png
20:38:53 [WRN][         mforms]: Resource file not found: wb_tile_open_dark@2x.png
20:38:53 [WRN][         mforms]: Resource file not found: wb_tile_more_dark@2x.png
20:38:53 [WRN][         mforms]: Resource file not found: wb_tile_sakila_dark@2x.png
20:38:53 [WRN][         mforms]: Resource file not found: wb_tile_manage_dark@2x.png
20:38:53 [WRN][         mforms]: Resource file not found: wb_tile_folder@2x.png
20:38:53 [WRN][         mforms]: Resource file not found: wb_tile_network_dark@2x.png
20:38:53 [WRN][         mforms]: Resource file not found: wb_tile_plus_dark@2x.png
20:38:53 [WRN][         mforms]: Resource file not found: wb_tile_user_dark@2x.png
20:38:53 [WRN][         mforms]: Resource file not found: wb_tile_plus_dark@2x.png
20:38:53 [WRN][         mforms]: Resource file not found: wb_doc_sql@2x.png
20:38:53 [WRN][         mforms]: Resource file not found: wb_tile_number_dark@2x.png
20:38:53 [WRN][         mforms]: Resource file not found: wb_close@2x.png
20:38:53 [WRN][         mforms]: Resource file not found: wb_tile_open_dark@2x.png
20:38:53 [WRN][         mforms]: Resource file not found: wb_tile_more_dark@2x.png
20:39:14 [ERR][  GRTDispatcher]: exception in grt execute_task, continuing: Exception: Access denied for user 'root'@'localhost' (using password: NO)
20:39:14 [ERR][  GRTDispatcher]: worker: task 'execute sql queries' has failed with error:.Access denied for user 'root'@'localhost' (using password: NO)
20:39:19 [INF][SQL Editor Form]: Opened connection 'Local instance 3306' to MySQL Community Server - GPL version 8.0.32
20:39:19 [WRN][         mforms]: Resource file not found: snippet_sql@2x.png
20:39:20 [WRN][         mforms]: Resource file not found: busy_sidebar_mac@2x.png
20:39:20 [INF][  column_widths]: Initializing column width cache for Local_instance_3306
20:39:20 [WRN][         mforms]: Resource file not found: busy_sidebar_mac@2x.png
20:39:20 [WRN][         mforms]: Resource file not found: busy_sidebar_mac@2x.png
20:39:20 [WRN][         mforms]: Resource file not found: wb_perform_config@2x.png
20:39:20 [WRN][         mforms]: Resource file not found: busy_sidebar_mac@2x.png
20:39:20 [WRN][         mforms]: Resource file not found: editor_statement@2x.png
20:39:20 [WRN][         mforms]: Resource file not found: editor_error@2x.png
20:39:20 [WRN][         mforms]: Resource file not found: editor_breakpoint@2x.png
20:39:20 [WRN][         mforms]: Resource file not found: editor_breakpoint_hit@2x.png
20:39:20 [WRN][         mforms]: Resource file not found: editor_current_pos@2x.png
20:39:20 [WRN][         mforms]: Resource file not found: editor_continue_on_error@2x.png
20:39:20 [WRN][         mforms]: Resource file not found: ac_keyword@2x.png
20:39:20 [WRN][         mforms]: Resource file not found: ac_schema@2x.png
20:39:20 [WRN][         mforms]: Resource file not found: ac_table@2x.png
20:39:20 [WRN][         mforms]: Resource file not found: ac_routine@2x.png
20:39:20 [WRN][         mforms]: Resource file not found: ac_function@2x.png
20:39:20 [WRN][         mforms]: Resource file not found: ac_view@2x.png
20:39:20 [WRN][         mforms]: Resource file not found: ac_column@2x.png
20:39:20 [WRN][         mforms]: Resource file not found: ac_operator@2x.png
20:39:20 [WRN][         mforms]: Resource file not found: ac_engine@2x.png
20:39:20 [WRN][         mforms]: Resource file not found: ac_trigger@2x.png
20:39:20 [WRN][         mforms]: Resource file not found: ac_logfilegroup@2x.png
20:39:20 [WRN][         mforms]: Resource file not found: ac_uservar@2x.png
20:39:20 [WRN][         mforms]: Resource file not found: ac_sysvar@2x.png
20:39:20 [WRN][         mforms]: Resource file not found: ac_tablespace@2x.png
20:39:20 [WRN][         mforms]: Resource file not found: ac_event@2x.png
20:39:20 [WRN][         mforms]: Resource file not found: ac_index@2x.png
20:39:20 [WRN][         mforms]: Resource file not found: ac_user@2x.png
20:39:20 [WRN][         mforms]: Resource file not found: ac_charset@2x.png
20:39:20 [WRN][         mforms]: Resource file not found: ac_collation@2x.png
20:39:20 [WRN][         mforms]: Resource file not found: busy_sidebar_mac@2x.png
20:39:20 [WRN][         mforms]: Resource file not found: busy_sidebar_mac@2x.png
20:39:20 [WRN][         mforms]: Resource file not found: wb_perform_config@2x.png
20:39:20 [WRN][         mforms]: Resource file not found: busy_sidebar_mac@2x.png
20:39:20 [WRN][         mforms]: Resource file not found: busy_sidebar_mac@2x.png
20:39:21 [WRN][         mforms]: Resource file not found: busy_sidebar_mac@2x.png
20:39:21 [WRN][         mforms]: Resource file not found: wb_perform_config@2x.png
20:39:21 [WRN][         mforms]: Resource file not found: busy_sidebar_mac@2x.png
20:39:21 [WRN][         mforms]: Resource file not found: busy_sidebar_mac@2x.png
20:39:27 [WRN][         mforms]: Resource file not found: busy_sidebar_mac@2x.png
20:39:27 [WRN][         mforms]: Resource file not found: wb_perform_config@2x.png
20:39:27 [WRN][         mforms]: Resource file not found: busy_sidebar_mac@2x.png
20:39:27 [WRN][         mforms]: Resource file not found: busy_sidebar_mac@2x.png
20:39:29 [WRN][         mforms]: Resource file not found: busy_sidebar_mac@2x.png
20:39:29 [WRN][         mforms]: Resource file not found: wb_perform_config@2x.png
20:39:29 [WRN][         mforms]: Resource file not found: busy_sidebar_mac@2x.png
20:39:29 [WRN][         mforms]: Resource file not found: busy_sidebar_mac@2x.png
20:39:45 [WRN][         mforms]: Resource file not found: busy_sidebar_mac@2x.png
20:39:45 [WRN][         mforms]: Resource file not found: wb_perform_config@2x.png
20:39:45 [WRN][         mforms]: Resource file not found: busy_sidebar_mac@2x.png
20:39:45 [WRN][         mforms]: Resource file not found: busy_sidebar_mac@2x.png
20:39:46 [WRN][         mforms]: Resource file not found: busy_sidebar_mac@2x.png
20:39:47 [WRN][         mforms]: Resource file not found: busy_sidebar_mac@2x.png
20:39:47 [WRN][         mforms]: Resource file not found: wb_perform_config@2x.png
20:39:47 [WRN][         mforms]: Resource file not found: busy_sidebar_mac@2x.png
20:39:47 [WRN][         mforms]: Resource file not found: busy_sidebar_mac@2x.png
20:39:48 [WRN][         mforms]: Resource file not found: busy_sidebar_mac@2x.png
20:39:48 [WRN][         mforms]: Resource file not found: wb_perform_config@2x.png
20:39:48 [WRN][         mforms]: Resource file not found: busy_sidebar_mac@2x.png
20:39:48 [WRN][         mforms]: Resource file not found: busy_sidebar_mac@2x.png
20:39:48 [WRN][         mforms]: Resource file not found: busy_sidebar_mac@2x.png
20:39:48 [WRN][         mforms]: Resource file not found: busy_sidebar_mac@2x.png
20:39:48 [INF][wb_admin_control.py:query_server_installation_info:858]: Currently connected to MySQL server version '8.0.32', conn status = True, active plugins = ['INNODB_BUFFER_PAGE', 'INNODB_INDEXES', 'MEMORY', 'INNODB_TABLESTATS', 'INNODB_COLUMNS', 'daemon_keyring_proxy_plugin', 'INNODB_CACHED_INDEXES', 'InnoDB', 'PERFORMANCE_SCHEMA', 'MRG_MYISAM', 'BLACKHOLE', 'INNODB_FT_DELETED', 'INNODB_FT_INDEX_CACHE', 'mysqlx', 'keyring_file', 'INNODB_CMPMEM', 'INNODB_VIRTUAL', 'binlog', 'INNODB_SESSION_TEMP_TABLESPACES', 'MyISAM', 'INNODB_BUFFER_PAGE_LRU', 'INNODB_CMP', 'INNODB_CMP_RESET', 'CSV', 'INNODB_TABLESPACES', 'mysqlx_cache_cleaner', 'INNODB_CMPMEM_RESET', 'sha2_cache_cleaner', 'caching_sha2_password', 'ARCHIVE', 'INNODB_TABLES', 'INNODB_CMP_PER_INDEX_RESET', 'INNODB_TEMP_TABLE_INFO', 'TempTable', 'ngram', 'INNODB_METRICS', 'INNODB_TRX', 'INNODB_CMP_PER_INDEX', 'INNODB_FT_CONFIG', 'INNODB_FT_INDEX_TABLE', 'mysql_native_password', 'INNODB_BUFFER_POOL_STATS', 'sha256_password', 'INNODB_FT_DEFAULT_STOPWORD', 'INNODB_FT_BEING_DELETED']
20:39:49 [WRN][         mforms]: Resource file not found: mysql-logo-80.png
20:39:49 [WRN][         mforms]: Resource file not found: busy_sidebar_mac@2x.png
20:39:49 [WRN][         mforms]: Resource file not found: busy_sidebar_mac@2x.png
20:39:49 [WRN][         mforms]: Resource file not found: busy_sidebar_mac@2x.png
20:39:49 [WRN][         mforms]: Resource file not found: mysql-logo-80.png
20:39:51 [WRN][         mforms]: Resource file not found: busy_sidebar_mac@2x.png
20:39:51 [WRN][         mforms]: Resource file not found: wb_perform_config@2x.png
20:39:51 [WRN][         mforms]: Resource file not found: busy_sidebar_mac@2x.png
20:39:51 [WRN][         mforms]: Resource file not found: busy_sidebar_mac@2x.png
20:39:52 [WRN][         mforms]: Resource file not found: busy_sidebar_mac@2x.png
20:39:52 [WRN][         mforms]: Resource file not found: wb_perform_config@2x.png
20:39:52 [WRN][         mforms]: Resource file not found: busy_sidebar_mac@2x.png
20:39:52 [WRN][         mforms]: Resource file not found: busy_sidebar_mac@2x.png
20:39:57 [WRN][         mforms]: Resource file not found: busy_sidebar_mac@2x.png
20:39:57 [WRN][         mforms]: Resource file not found: wb_perform_config@2x.png
20:39:57 [WRN][         mforms]: Resource file not found: busy_sidebar_mac@2x.png
20:39:57 [WRN][         mforms]: Resource file not found: busy_sidebar_mac@2x.png
20:40:44 [WRN][         mforms]: Resource file not found: busy_sidebar_mac@2x.png
20:40:44 [WRN][         mforms]: Resource file not found: wb_perform_config@2x.png
20:40:44 [WRN][         mforms]: Resource file not found: busy_sidebar_mac@2x.png
20:40:44 [WRN][         mforms]: Resource file not found: busy_sidebar_mac@2x.png
20:40:45 [WRN][         mforms]: Resource file not found: busy_sidebar_mac@2x.png
20:40:45 [WRN][         mforms]: Resource file not found: busy_sidebar_mac@2x.png
20:40:48 [WRN][         mforms]: Resource file not found: busy_sidebar_mac@2x.png
20:40:48 [WRN][         mforms]: Resource file not found: busy_sidebar_mac@2x.png
20:40:48 [WRN][         mforms]: Resource file not found: busy_sidebar_mac@2x.png
20:40:48 [WRN][         mforms]: Resource file not found: busy_sidebar_mac@2x.png
20:40:50 [WRN][         mforms]: Resource file not found: busy_sidebar_mac@2x.png
20:40:50 [WRN][         mforms]: Resource file not found: wb_perform_config@2x.png
20:40:50 [WRN][         mforms]: Resource file not found: busy_sidebar_mac@2x.png
20:40:50 [WRN][         mforms]: Resource file not found: busy_sidebar_mac@2x.png
20:40:51 [WRN][         mforms]: Resource file not found: busy_sidebar_mac@2x.png
20:40:51 [WRN][         mforms]: Resource file not found: busy_sidebar_mac@2x.png
20:40:51 [WRN][         mforms]: Resource file not found: busy_sidebar_mac@2x.png
20:40:51 [WRN][         mforms]: Resource file not found: busy_sidebar_mac@2x.png
20:40:51 [WRN][         mforms]: Resource file not found: busy_sidebar_mac@2x.png
20:40:52 [WRN][         mforms]: Resource file not found: busy_sidebar_mac@2x.png
20:40:52 [WRN][         mforms]: Resource file not found: busy_sidebar_mac@2x.png
20:40:52 [WRN][         mforms]: Resource file not found: busy_sidebar_mac@2x.png
20:40:52 [WRN][         mforms]: Resource file not found: busy_sidebar_mac@2x.png
20:40:52 [WRN][         mforms]: Resource file not found: wb_perform_config@2x.png
20:40:52 [WRN][         mforms]: Resource file not found: busy_sidebar_mac@2x.png
20:40:52 [WRN][         mforms]: Resource file not found: wb_perform_config@2x.png
20:40:52 [WRN][         mforms]: Resource file not found: busy_sidebar_mac@2x.png
20:40:52 [WRN][         mforms]: Resource file not found: wb_perform_config@2x.png
20:40:52 [WRN][         mforms]: Resource file not found: busy_sidebar_mac@2x.png
20:40:52 [WRN][         mforms]: Resource file not found: wb_perform_config@2x.png
20:40:52 [WRN][         mforms]: Resource file not found: busy_sidebar_mac@2x.png
20:40:53 [WRN][         mforms]: Resource file not found: busy_sidebar_mac@2x.png
20:40:53 [WRN][         mforms]: Resource file not found: busy_sidebar_mac@2x.png
20:40:53 [WRN][         mforms]: Resource file not found: busy_sidebar_mac@2x.png
20:40:53 [WRN][         mforms]: Resource file not found: wb_perform_config@2x.png
20:40:53 [WRN][         mforms]: Resource file not found: busy_sidebar_mac@2x.png
20:40:53 [WRN][         mforms]: Resource file not found: wb_perform_config@2x.png
20:40:53 [WRN][         mforms]: Resource file not found: busy_sidebar_mac@2x.png
20:40:53 [WRN][         mforms]: Resource file not found: wb_perform_config@2x.png
20:40:53 [WRN][         mforms]: Resource file not found: busy_sidebar_mac@2x.png
20:40:53 [WRN][         mforms]: Resource file not found: wb_perform_config@2x.png
20:40:53 [WRN][         mforms]: Resource file not found: busy_sidebar_mac@2x.png
20:40:53 [WRN][         mforms]: Resource file not found: busy_sidebar_mac@2x.png
20:40:53 [WRN][         mforms]: Resource file not found: busy_sidebar_mac@2x.png
20:40:53 [WRN][         mforms]: Resource file not found: busy_sidebar_mac@2x.png
20:40:53 [WRN][         mforms]: Resource file not found: busy_sidebar_mac@2x.png
20:40:53 [WRN][         mforms]: Resource file not found: busy_sidebar_mac@2x.png
20:40:54 [WRN][         mforms]: Resource file not found: busy_sidebar_mac@2x.png
20:40:54 [WRN][         mforms]: Resource file not found: busy_sidebar_mac@2x.png
20:40:54 [WRN][         mforms]: Resource file not found: busy_sidebar_mac@2x.png
20:40:54 [WRN][         mforms]: Resource file not found: busy_sidebar_mac@2x.png
20:40:54 [WRN][         mforms]: Resource file not found: busy_sidebar_mac@2x.png
20:40:55 [WRN][         mforms]: Resource file not found: busy_sidebar_mac@2x.png
20:40:55 [WRN][         mforms]: Resource file not found: busy_sidebar_mac@2x.png
20:40:55 [WRN][         mforms]: Resource file not found: busy_sidebar_mac@2x.png
20:40:56 [WRN][         mforms]: Resource file not found: busy_sidebar_mac@2x.png
20:40:56 [WRN][         mforms]: Resource file not found: busy_sidebar_mac@2x.png
20:41:05 [WRN][         mforms]: Resource file not found: busy_sidebar_mac@2x.png
20:41:05 [WRN][         mforms]: Resource file not found: wb_perform_config@2x.png
20:41:05 [WRN][         mforms]: Resource file not found: busy_sidebar_mac@2x.png
20:41:05 [WRN][         mforms]: Resource file not found: busy_sidebar_mac@2x.png
20:41:06 [WRN][         mforms]: Resource file not found: busy_sidebar_mac@2x.png
20:41:06 [WRN][         mforms]: Resource file not found: wb_perform_config@2x.png
20:41:06 [WRN][         mforms]: Resource file not found: busy_sidebar_mac@2x.png
20:41:06 [WRN][         mforms]: Resource file not found: busy_sidebar_mac@2x.png
20:41:07 [ERR][ sqlide-history]: Can't open SQL history file /Users/mortonorto/Library/Application Support/MySQL/Workbench/sql_history/2023-03-27
20:41:07 [WRN][         mforms]: Resource file not found: arrow_up@2x.png
20:41:07 [WRN][         mforms]: Resource file not found: arrow_down@2x.png
